  pch.cpp
  Agency.cpp
c:\users\rodri\documents\feup\1ºano\2ºsemestre\prog\niceholidays\address.h(16): warning C4091: 'typedef ': ignored on left of 'Address' when no variable is declared
c:\users\rodri\documents\feup\1ºano\2ºsemestre\prog\niceholidays\agency.h(15): warning C4091: 'typedef ': ignored on left of 'Agency' when no variable is declared
  Client.cpp
c:\users\rodri\documents\feup\1ºano\2ºsemestre\prog\niceholidays\address.h(16): warning C4091: 'typedef ': ignored on left of 'Address' when no variable is declared
c:\users\rodri\documents\feup\1ºano\2ºsemestre\prog\niceholidays\client.h(18): warning C4091: 'typedef ': ignored on left of 'Client' when no variable is declared
c:\users\rodri\documents\feup\1ºano\2ºsemestre\prog\niceholidays\agency.h(15): warning C4091: 'typedef ': ignored on left of 'Agency' when no variable is declared
c:\users\rodri\documents\feup\1ºano\2ºsemestre\prog\niceholidays\client.cpp(51): error C2079: 'clientsFile' uses undefined class 'std::basic_ofstream<char,std::char_traits<char>>'
c:\users\rodri\documents\feup\1ºano\2ºsemestre\prog\niceholidays\client.cpp(53): error C2677: binary '<<': no global operator found which takes type 'std::string' (or there is no acceptable conversion)
c:\users\rodri\documents\feup\1ºano\2ºsemestre\prog\niceholidays\client.cpp(54): error C2677: binary '<<': no global operator found which takes type 'std::string' (or there is no acceptable conversion)
c:\users\rodri\documents\feup\1ºano\2ºsemestre\prog\niceholidays\client.cpp(55): error C2563: mismatch in formal parameter list
c:\users\rodri\documents\feup\1ºano\2ºsemestre\prog\niceholidays\client.cpp(55): error C2568: '<<': unable to resolve function overload
  c:\users\rodri\documents\feup\1ºano\2ºsemestre\prog\niceholidays\client.cpp(55): note: could be 'std::basic_ostream<_Elem,_Traits> &std::endl(std::basic_ostream<_Elem,_Traits> &)'
c:\users\rodri\documents\feup\1ºano\2ºsemestre\prog\niceholidays\client.cpp(56): error C2677: binary '<<': no global operator found which takes type 'std::string' (or there is no acceptable conversion)
c:\users\rodri\documents\feup\1ºano\2ºsemestre\prog\niceholidays\client.cpp(57): error C2677: binary '<<': no global operator found which takes type 'std::string' (or there is no acceptable conversion)
c:\users\rodri\documents\feup\1ºano\2ºsemestre\prog\niceholidays\client.cpp(58): error C2677: binary '<<': no global operator found which takes type 'std::string' (or there is no acceptable conversion)
c:\users\rodri\documents\feup\1ºano\2ºsemestre\prog\niceholidays\client.cpp(59): error C2677: binary '<<': no global operator found which takes type 'std::string' (or there is no acceptable conversion)
c:\users\rodri\documents\feup\1ºano\2ºsemestre\prog\niceholidays\client.cpp(60): error C2677: binary '<<': no global operator found which takes type 'std::string' (or there is no acceptable conversion)
c:\users\rodri\documents\feup\1ºano\2ºsemestre\prog\niceholidays\client.cpp(61): error C2297: '<<': illegal, right operand has type 'const char [2]'
c:\users\rodri\documents\feup\1ºano\2ºsemestre\prog\niceholidays\client.cpp(61): error C2563: mismatch in formal parameter list
c:\users\rodri\documents\feup\1ºano\2ºsemestre\prog\niceholidays\client.cpp(61): error C2568: '<<': unable to resolve function overload
  c:\users\rodri\documents\feup\1ºano\2ºsemestre\prog\niceholidays\client.cpp(61): note: could be 'std::basic_ostream<_Elem,_Traits> &std::endl(std::basic_ostream<_Elem,_Traits> &)'
c:\users\rodri\documents\feup\1ºano\2ºsemestre\prog\niceholidays\client.cpp(62): error C2563: mismatch in formal parameter list
c:\users\rodri\documents\feup\1ºano\2ºsemestre\prog\niceholidays\client.cpp(62): error C2568: '<<': unable to resolve function overload
  c:\users\rodri\documents\feup\1ºano\2ºsemestre\prog\niceholidays\client.cpp(62): note: could be 'std::basic_ostream<_Elem,_Traits> &std::endl(std::basic_ostream<_Elem,_Traits> &)'
c:\users\rodri\documents\feup\1ºano\2ºsemestre\prog\niceholidays\client.cpp(63): error C2297: '<<': illegal, right operand has type 'const char [11]'
c:\users\rodri\documents\feup\1ºano\2ºsemestre\prog\niceholidays\client.cpp(63): error C2563: mismatch in formal parameter list
c:\users\rodri\documents\feup\1ºano\2ºsemestre\prog\niceholidays\client.cpp(63): error C2568: '<<': unable to resolve function overload
  c:\users\rodri\documents\feup\1ºano\2ºsemestre\prog\niceholidays\client.cpp(63): note: could be 'std::basic_ostream<_Elem,_Traits> &std::endl(std::basic_ostream<_Elem,_Traits> &)'
  main.cpp
c:\users\rodri\documents\feup\1ºano\2ºsemestre\prog\niceholidays\address.h(16): warning C4091: 'typedef ': ignored on left of 'Address' when no variable is declared
c:\users\rodri\documents\feup\1ºano\2ºsemestre\prog\niceholidays\agency.h(15): warning C4091: 'typedef ': ignored on left of 'Agency' when no variable is declared
c:\users\rodri\documents\feup\1ºano\2ºsemestre\prog\niceholidays\client.h(18): warning C4091: 'typedef ': ignored on left of 'Client' when no variable is declared
c:\users\rodri\documents\feup\1ºano\2ºsemestre\prog\niceholidays\date.h(8): warning C4091: 'typedef ': ignored on left of 'Date' when no variable is declared
c:\users\rodri\documents\feup\1ºano\2ºsemestre\prog\niceholidays\pack.h(18): warning C4091: 'typedef ': ignored on left of 'touristPack' when no variable is declared
c:\users\rodri\documents\feup\1ºano\2ºsemestre\prog\niceholidays\main.cpp(29): warning C4101: 'endDate': unreferenced local variable
c:\users\rodri\documents\feup\1ºano\2ºsemestre\prog\niceholidays\main.cpp(30): warning C4101: 'beginDate': unreferenced local variable
  Pack.cpp
c:\users\rodri\documents\feup\1ºano\2ºsemestre\prog\niceholidays\pack.h(13): error C3646: 'beginDate': unknown override specifier
c:\users\rodri\documents\feup\1ºano\2ºsemestre\prog\niceholidays\pack.h(13): error C4430: missing type specifier - int assumed. Note: C++ does not support default-int
c:\users\rodri\documents\feup\1ºano\2ºsemestre\prog\niceholidays\pack.h(14): error C3646: 'endDate': unknown override specifier
c:\users\rodri\documents\feup\1ºano\2ºsemestre\prog\niceholidays\pack.h(14): error C4430: missing type specifier - int assumed. Note: C++ does not support default-int
c:\users\rodri\documents\feup\1ºano\2ºsemestre\prog\niceholidays\pack.h(18): warning C4091: 'typedef ': ignored on left of 'touristPack' when no variable is declared
c:\users\rodri\documents\feup\1ºano\2ºsemestre\prog\niceholidays\pack.cpp(19): error C2653: 'Pack': is not a class or namespace name
